d:\workspace\uo\csi2772\project\project1\project1\x64\debug\vc143.pdb
d:\workspace\uo\csi2772\project\project1\project1\x64\debug\vc143.idb
d:\workspace\uo\csi2772\project\project1\project1\x64\debug\chain_base.obj
d:\workspace\uo\csi2772\project\project1\project1\x64\debug\discardpile.obj
d:\workspace\uo\csi2772\project\project1\project1\x64\debug\chain.obj
d:\workspace\uo\csi2772\project\project1\project1\x64\debug\tradearea.obj
d:\workspace\uo\csi2772\project\project1\project1\x64\debug\table.obj
d:\workspace\uo\csi2772\project\project1\project1\x64\debug\player.obj
d:\workspace\uo\csi2772\project\project1\project1\x64\debug\main.obj
d:\workspace\uo\csi2772\project\project1\project1\x64\debug\hand.obj
d:\workspace\uo\csi2772\project\project1\project1\x64\debug\deck.obj
d:\workspace\uo\csi2772\project\project1\project1\x64\debug\cardfactory.obj
d:\workspace\uo\csi2772\project\project1\project1\x64\debug\card.obj
d:\workspace\uo\csi2772\project\project1\project1\x64\debug\project1.res
d:\workspace\uo\csi2772\project\project1\x64\debug\project1.pdb
d:\workspace\uo\csi2772\project\project1\project1\x64\debug\project1.tlog\cl.command.1.tlog
d:\workspace\uo\csi2772\project\project1\project1\x64\debug\project1.tlog\cl.read.1.tlog
d:\workspace\uo\csi2772\project\project1\project1\x64\debug\project1.tlog\cl.write.1.tlog
d:\workspace\uo\csi2772\project\project1\project1\x64\debug\project1.tlog\link-cvtres.read.1.tlog
d:\workspace\uo\csi2772\project\project1\project1\x64\debug\project1.tlog\link-cvtres.write.1.tlog
d:\workspace\uo\csi2772\project\project1\project1\x64\debug\project1.tlog\link-rc.read.1.tlog
d:\workspace\uo\csi2772\project\project1\project1\x64\debug\project1.tlog\link-rc.write.1.tlog
d:\workspace\uo\csi2772\project\project1\project1\x64\debug\project1.tlog\link.command.1.tlog
d:\workspace\uo\csi2772\project\project1\project1\x64\debug\project1.tlog\link.read.1.tlog
d:\workspace\uo\csi2772\project\project1\project1\x64\debug\project1.tlog\link.read.2.tlog
d:\workspace\uo\csi2772\project\project1\project1\x64\debug\project1.tlog\link.write.1.tlog
d:\workspace\uo\csi2772\project\project1\project1\x64\debug\project1.tlog\rc.command.1.tlog
d:\workspace\uo\csi2772\project\project1\project1\x64\debug\project1.tlog\rc.read.1.tlog
d:\workspace\uo\csi2772\project\project1\project1\x64\debug\project1.tlog\rc.write.1.tlog
